{"/Users/karthi/Documents/HyperVerge/Bus-Ticket-Booking/frontend/src/components/BookingCard.tsx": {"path":"/Users/karthi/Documents/HyperVerge/Bus-Ticket-Booking/frontend/src/components/BookingCard.tsx","statementMap":{"0":{"start":{"line":1,"column":0},"end":{"line":1,"column":40}},"1":{"start":{"line":3,"column":0},"end":{"line":3,"column":81}},"2":{"start":{"line":6,"column":19},"end":{"line":12,"column":1}},"3":{"start":{"line":7,"column":15},"end":{"line":7,"column":35}},"4":{"start":{"line":8,"column":2},"end":{"line":11,"column":5}},"5":{"start":{"line":14,"column":30},"end":{"line":283,"column":1}},"6":{"start":{"line":15,"column":52},"end":{"line":15,"column":81}},"7":{"start":{"line":16,"column":44},"end":{"line":16,"column":85}},"8":{"start":{"line":17,"column":42},"end":{"line":17,"column":77}},"9":{"start":{"line":18,"column":14},"end":{"line":18,"column":47}},"10":{"start":{"line":19,"column":47},"end":{"line":19,"column":64}},"11":{"start":{"line":20,"column":53},"end":{"line":20,"column":77}},"12":{"start":{"line":22,"column":29},"end":{"line":24,"column":3}},"13":{"start":{"line":23,"column":4},"end":{"line":23,"column":74}},"14":{"start":{"line":23,"column":34},"end":{"line":23,"column":71}},"15":{"start":{"line":26,"column":27},"end":{"line":36,"column":3}},"16":{"start":{"line":27,"column":4},"end":{"line":35,"column":7}},"17":{"start":{"line":28,"column":22},"end":{"line":28,"column":43}},"18":{"start":{"line":29,"column":6},"end":{"line":34,"column":8}},"19":{"start":{"line":32,"column":32},"end":{"line":32,"column":42}},"20":{"start":{"line":38,"column":28},"end":{"line":65,"column":3}},"21":{"start":{"line":39,"column":26},"end":{"line":39,"column":56}},"22":{"start":{"line":41,"column":4},"end":{"line":64,"column":5}},"23":{"start":{"line":42,"column":23},"end":{"line":45,"column":17}},"24":{"start":{"line":47,"column":6},"end":{"line":47,"column":33}},"25":{"start":{"line":48,"column":6},"end":{"line":48,"column":63}},"26":{"start":{"line":48,"column":32},"end":{"line":48,"column":60}},"27":{"start":{"line":50,"column":6},"end":{"line":53,"column":9}},"28":{"start":{"line":55,"column":6},"end":{"line":57,"column":15}},"29":{"start":{"line":56,"column":8},"end":{"line":56,"column":30}},"30":{"start":{"line":59,"column":6},"end":{"line":59,"column":52}},"31":{"start":{"line":60,"column":6},"end":{"line":63,"column":9}},"32":{"start":{"line":67,"column":2},"end":{"line":73,"column":3}},"33":{"start":{"line":68,"column":4},"end":{"line":72,"column":6}},"34":{"start":{"line":75,"column":2},"end":{"line":83,"column":3}},"35":{"start":{"line":76,"column":4},"end":{"line":82,"column":6}},"36":{"start":{"line":85,"column":2},"end":{"line":91,"column":3}},"37":{"start":{"line":86,"column":4},"end":{"line":90,"column":6}},"38":{"start":{"line":93,"column":22},"end":{"line":93,"column":49}},"39":{"start":{"line":94,"column":24},"end":{"line":94,"column":53}},"40":{"start":{"line":96,"column":2},"end":{"line":282,"column":4}},"41":{"start":{"line":116,"column":8},"end":{"line":117,"column":null}},"42":{"start":{"line":161,"column":16},"end":{"line":162,"column":null}},"43":{"start":{"line":195,"column":31},"end":{"line":195,"column":62}},"44":{"start":{"line":209,"column":24},"end":{"line":209,"column":81}},"45":{"start":{"line":210,"column":22},"end":{"line":223,"column":24}},"46":{"start":{"line":213,"column":41},"end":{"line":213,"column":82}},"47":{"start":{"line":232,"column":37},"end":{"line":232,"column":67}},"48":{"start":{"line":261,"column":14},"end":{"line":262,"column":null}},"49":{"start":{"line":285,"column":0},"end":{"line":285,"column":27}}},"fnMap":{"0":{"name":"(anonymous_0)","decl":{"start":{"line":6,"column":19},"end":{"line":6,"column":20}},"loc":{"start":{"line":6,"column":50},"end":{"line":12,"column":1}}},"1":{"name":"(anonymous_1)","decl":{"start":{"line":14,"column":30},"end":{"line":14,"column":33}},"loc":{"start":{"line":14,"column":35},"end":{"line":283,"column":1}}},"2":{"name":"(anonymous_2)","decl":{"start":{"line":22,"column":29},"end":{"line":22,"column":30}},"loc":{"start":{"line":22,"column":51},"end":{"line":24,"column":3}}},"3":{"name":"(anonymous_3)","decl":{"start":{"line":23,"column":25},"end":{"line":23,"column":29}},"loc":{"start":{"line":23,"column":34},"end":{"line":23,"column":71}}},"4":{"name":"(anonymous_4)","decl":{"start":{"line":26,"column":27},"end":{"line":26,"column":28}},"loc":{"start":{"line":26,"column":63},"end":{"line":36,"column":3}}},"5":{"name":"(anonymous_5)","decl":{"start":{"line":27,"column":21},"end":{"line":27,"column":25}},"loc":{"start":{"line":27,"column":28},"end":{"line":35,"column":5}}},"6":{"name":"(anonymous_6)","decl":{"start":{"line":32,"column":27},"end":{"line":32,"column":28}},"loc":{"start":{"line":32,"column":32},"end":{"line":32,"column":42}}},"7":{"name":"(anonymous_7)","decl":{"start":{"line":38,"column":28},"end":{"line":38,"column":33}},"loc":{"start":{"line":38,"column":56},"end":{"line":65,"column":3}}},"8":{"name":"(anonymous_8)","decl":{"start":{"line":48,"column":23},"end":{"line":48,"column":27}},"loc":{"start":{"line":48,"column":32},"end":{"line":48,"column":60}}},"9":{"name":"(anonymous_9)","decl":{"start":{"line":55,"column":17},"end":{"line":55,"column":20}},"loc":{"start":{"line":55,"column":22},"end":{"line":57,"column":7}}},"10":{"name":"(anonymous_10)","decl":{"start":{"line":115,"column":23},"end":{"line":115,"column":24}},"loc":{"start":{"line":116,"column":8},"end":{"line":117,"column":null}}},"11":{"name":"(anonymous_11)","decl":{"start":{"line":160,"column":40},"end":{"line":160,"column":44}},"loc":{"start":{"line":161,"column":16},"end":{"line":162,"column":null}}},"12":{"name":"(anonymous_12)","decl":{"start":{"line":195,"column":25},"end":{"line":195,"column":28}},"loc":{"start":{"line":195,"column":31},"end":{"line":195,"column":62}}},"13":{"name":"(anonymous_13)","decl":{"start":{"line":207,"column":46},"end":{"line":207,"column":56}},"loc":{"start":{"line":207,"column":59},"end":{"line":224,"column":21}}},"14":{"name":"(anonymous_14)","decl":{"start":{"line":213,"column":35},"end":{"line":213,"column":38}},"loc":{"start":{"line":213,"column":41},"end":{"line":213,"column":82}}},"15":{"name":"(anonymous_15)","decl":{"start":{"line":232,"column":31},"end":{"line":232,"column":34}},"loc":{"start":{"line":232,"column":37},"end":{"line":232,"column":67}}},"16":{"name":"(anonymous_16)","decl":{"start":{"line":260,"column":31},"end":{"line":260,"column":32}},"loc":{"start":{"line":261,"column":14},"end":{"line":262,"column":null}}}},"branchMap":{"0":{"loc":{"start":{"line":23,"column":34},"end":{"line":23,"column":71}},"type":"cond-expr","locations":[{"start":{"line":23,"column":55},"end":{"line":23,"column":59}},{"start":{"line":23,"column":62},"end":{"line":23,"column":71}}]},"1":{"loc":{"start":{"line":28,"column":22},"end":{"line":28,"column":43}},"type":"binary-expr","locations":[{"start":{"line":28,"column":22},"end":{"line":28,"column":37}},{"start":{"line":28,"column":41},"end":{"line":28,"column":43}}]},"2":{"loc":{"start":{"line":31,"column":21},"end":{"line":33,"column":30}},"type":"cond-expr","locations":[{"start":{"line":32,"column":12},"end":{"line":32,"column":43}},{"start":{"line":33,"column":12},"end":{"line":33,"column":30}}]},"3":{"loc":{"start":{"line":39,"column":26},"end":{"line":39,"column":56}},"type":"binary-expr","locations":[{"start":{"line":39,"column":26},"end":{"line":39,"column":50}},{"start":{"line":39,"column":54},"end":{"line":39,"column":56}}]},"4":{"loc":{"start":{"line":67,"column":2},"end":{"line":73,"column":3}},"type":"if","locations":[{"start":{"line":67,"column":2},"end":{"line":73,"column":3}}]},"5":{"loc":{"start":{"line":75,"column":2},"end":{"line":83,"column":3}},"type":"if","locations":[{"start":{"line":75,"column":2},"end":{"line":83,"column":3}}]},"6":{"loc":{"start":{"line":85,"column":2},"end":{"line":91,"column":3}},"type":"if","locations":[{"start":{"line":85,"column":2},"end":{"line":91,"column":3}}]},"7":{"loc":{"start":{"line":85,"column":6},"end":{"line":85,"column":83}},"type":"binary-expr","locations":[{"start":{"line":85,"column":6},"end":{"line":85,"column":11}},{"start":{"line":85,"column":16},"end":{"line":85,"column":46}},{"start":{"line":85,"column":50},"end":{"line":85,"column":82}}]},"8":{"loc":{"start":{"line":93,"column":22},"end":{"line":93,"column":49}},"type":"binary-expr","locations":[{"start":{"line":93,"column":22},"end":{"line":93,"column":43}},{"start":{"line":93,"column":47},"end":{"line":93,"column":49}}]},"9":{"loc":{"start":{"line":94,"column":24},"end":{"line":94,"column":53}},"type":"binary-expr","locations":[{"start":{"line":94,"column":24},"end":{"line":94,"column":47}},{"start":{"line":94,"column":51},"end":{"line":94,"column":53}}]},"10":{"loc":{"start":{"line":101,"column":7},"end":{"line":111,"column":null}},"type":"binary-expr","locations":[{"start":{"line":101,"column":7},"end":{"line":101,"column":19}},{"start":{"line":102,"column":8},"end":{"line":110,"column":null}}]},"11":{"loc":{"start":{"line":104,"column":12},"end":{"line":106,"column":null}},"type":"cond-expr","locations":[{"start":{"line":105,"column":16},"end":{"line":105,"column":69}},{"start":{"line":106,"column":16},"end":{"line":106,"column":null}}]},"12":{"loc":{"start":{"line":133,"column":18},"end":{"line":133,"column":80}},"type":"cond-expr","locations":[{"start":{"line":133,"column":59},"end":{"line":133,"column":68}},{"start":{"line":133,"column":71},"end":{"line":133,"column":80}}]},"13":{"loc":{"start":{"line":135,"column":18},"end":{"line":135,"column":80}},"type":"cond-expr","locations":[{"start":{"line":135,"column":59},"end":{"line":135,"column":68}},{"start":{"line":135,"column":71},"end":{"line":135,"column":80}}]},"14":{"loc":{"start":{"line":176,"column":18},"end":{"line":180,"column":null}},"type":"cond-expr","locations":[{"start":{"line":177,"column":22},"end":{"line":177,"column":38}},{"start":{"line":178,"column":22},"end":{"line":180,"column":null}}]},"15":{"loc":{"start":{"line":178,"column":22},"end":{"line":180,"column":null}},"type":"cond-expr","locations":[{"start":{"line":179,"column":22},"end":{"line":179,"column":37}},{"start":{"line":180,"column":22},"end":{"line":180,"column":null}}]},"16":{"loc":{"start":{"line":192,"column":11},"end":{"line":250,"column":null}},"type":"binary-expr","locations":[{"start":{"line":192,"column":11},"end":{"line":192,"column":49}},{"start":{"line":193,"column":12},"end":{"line":249,"column":null}}]},"17":{"loc":{"start":{"line":199,"column":17},"end":{"line":199,"column":91}},"type":"cond-expr","locations":[{"start":{"line":199,"column":53},"end":{"line":199,"column":74}},{"start":{"line":199,"column":77},"end":{"line":199,"column":91}}]},"18":{"loc":{"start":{"line":202,"column":15},"end":{"line":248,"column":null}},"type":"binary-expr","locations":[{"start":{"line":202,"column":15},"end":{"line":202,"column":48}},{"start":{"line":203,"column":16},"end":{"line":247,"column":null}}]},"19":{"loc":{"start":{"line":209,"column":24},"end":{"line":209,"column":81}},"type":"binary-expr","locations":[{"start":{"line":209,"column":24},"end":{"line":209,"column":72}},{"start":{"line":209,"column":76},"end":{"line":209,"column":81}}]},"20":{"loc":{"start":{"line":215,"column":28},"end":{"line":217,"column":null}},"type":"cond-expr","locations":[{"start":{"line":216,"column":32},"end":{"line":216,"column":55}},{"start":{"line":217,"column":32},"end":{"line":217,"column":null}}]},"21":{"loc":{"start":{"line":229,"column":24},"end":{"line":229,"column":63}},"type":"binary-expr","locations":[{"start":{"line":229,"column":24},"end":{"line":229,"column":58}},{"start":{"line":229,"column":62},"end":{"line":229,"column":63}}]},"22":{"loc":{"start":{"line":234,"column":24},"end":{"line":234,"column":87}},"type":"binary-expr","locations":[{"start":{"line":234,"column":24},"end":{"line":234,"column":71}},{"start":{"line":234,"column":75},"end":{"line":234,"column":87}}]},"23":{"loc":{"start":{"line":234,"column":25},"end":{"line":234,"column":64}},"type":"binary-expr","locations":[{"start":{"line":234,"column":25},"end":{"line":234,"column":59}},{"start":{"line":234,"column":63},"end":{"line":234,"column":64}}]},"24":{"loc":{"start":{"line":237,"column":24},"end":{"line":239,"column":null}},"type":"cond-expr","locations":[{"start":{"line":238,"column":28},"end":{"line":238,"column":74}},{"start":{"line":239,"column":28},"end":{"line":239,"column":null}}]},"25":{"loc":{"start":{"line":237,"column":24},"end":{"line":237,"column":87}},"type":"binary-expr","locations":[{"start":{"line":237,"column":24},"end":{"line":237,"column":36}},{"start":{"line":237,"column":40},"end":{"line":237,"column":87}}]},"26":{"loc":{"start":{"line":237,"column":41},"end":{"line":237,"column":80}},"type":"binary-expr","locations":[{"start":{"line":237,"column":41},"end":{"line":237,"column":75}},{"start":{"line":237,"column":79},"end":{"line":237,"column":80}}]},"27":{"loc":{"start":{"line":242,"column":24},"end":{"line":242,"column":90}},"type":"cond-expr","locations":[{"start":{"line":242,"column":39},"end":{"line":242,"column":65}},{"start":{"line":242,"column":68},"end":{"line":242,"column":90}}]},"28":{"loc":{"start":{"line":245,"column":23},"end":{"line":245,"column":78}},"type":"cond-expr","locations":[{"start":{"line":245,"column":38},"end":{"line":245,"column":53}},{"start":{"line":245,"column":56},"end":{"line":245,"column":78}}]},"29":{"loc":{"start":{"line":256,"column":7},"end":{"line":279,"column":null}},"type":"binary-expr","locations":[{"start":{"line":256,"column":7},"end":{"line":256,"column":31}},{"start":{"line":257,"column":8},"end":{"line":278,"column":null}}]}},"s":{"0":1,"1":1,"2":1,"3":59,"4":59,"5":1,"6":33,"7":33,"8":33,"9":33,"10":33,"11":33,"12":33,"13":7,"14":7,"15":33,"16":8,"17":8,"18":8,"19":1,"20":33,"21":4,"22":4,"23":4,"24":1,"25":1,"26":1,"27":1,"28":1,"29":1,"30":3,"31":3,"32":33,"33":1,"34":32,"35":1,"36":31,"37":1,"38":30,"39":30,"40":30,"41":29,"42":87,"43":7,"44":54,"45":54,"46":8,"47":4,"48":1,"49":1},"f":{"0":59,"1":33,"2":7,"3":7,"4":8,"5":8,"6":1,"7":4,"8":1,"9":1,"10":29,"11":87,"12":7,"13":54,"14":8,"15":4,"16":1},"b":{"0":[0,7],"1":[8,6],"2":[1,7],"3":[4,0],"4":[1],"5":[1],"6":[1],"7":[31,31,2],"8":[30,0],"9":[30,0],"10":[30,4],"11":[1,3],"12":[29,0],"13":[29,0],"14":[27,2],"15":[1,1],"16":[29,29],"17":[18,11],"18":[29,18],"19":[54,42],"20":[12,42],"21":[18,8],"22":[18,10],"23":[18,8],"24":[9,9],"25":[18,16],"26":[16,7],"27":[2,16],"28":[2,16],"29":[30,1]}}
,"/Users/karthi/Documents/HyperVerge/Bus-Ticket-Booking/frontend/src/components/Navbar.tsx": {"path":"/Users/karthi/Documents/HyperVerge/Bus-Ticket-Booking/frontend/src/components/Navbar.tsx","statementMap":{"0":{"start":{"line":8,"column":0},"end":{"line":8,"column":24}},"1":{"start":{"line":1,"column":0},"end":{"line":1,"column":40}},"2":{"start":{"line":2,"column":0},"end":{"line":2,"column":60}},"3":{"start":{"line":3,"column":0},"end":{"line":3,"column":55}},"4":{"start":{"line":4,"column":0},"end":{"line":4,"column":52}},"5":{"start":{"line":5,"column":0},"end":{"line":5,"column":46}},"6":{"start":{"line":6,"column":0},"end":{"line":6,"column":46}},"7":{"start":{"line":9,"column":19},"end":{"line":9,"column":32}},"8":{"start":{"line":10,"column":19},"end":{"line":10,"column":32}},"9":{"start":{"line":11,"column":19},"end":{"line":11,"column":32}},"10":{"start":{"line":13,"column":52},"end":{"line":13,"column":67}},"11":{"start":{"line":14,"column":26},"end":{"line":20,"column":1}},"12":{"start":{"line":15,"column":2},"end":{"line":19,"column":3}},"13":{"start":{"line":16,"column":4},"end":{"line":16,"column":73}},"14":{"start":{"line":18,"column":4},"end":{"line":18,"column":19}},"15":{"start":{"line":22,"column":23},"end":{"line":32,"column":3}},"16":{"start":{"line":23,"column":4},"end":{"line":23,"column":23}},"17":{"start":{"line":25,"column":4},"end":{"line":25,"column":46}},"18":{"start":{"line":26,"column":4},"end":{"line":26,"column":43}},"19":{"start":{"line":27,"column":4},"end":{"line":27,"column":43}},"20":{"start":{"line":28,"column":4},"end":{"line":28,"column":41}},"21":{"start":{"line":30,"column":4},"end":{"line":30,"column":32}},"22":{"start":{"line":34,"column":21},"end":{"line":34,"column":63}},"23":{"start":{"line":36,"column":20},"end":{"line":36,"column":30}},"24":{"start":{"line":37,"column":2},"end":{"line":43,"column":3}},"25":{"start":{"line":38,"column":4},"end":{"line":38,"column":26}},"26":{"start":{"line":39,"column":9},"end":{"line":43,"column":3}},"27":{"start":{"line":40,"column":4},"end":{"line":40,"column":29}},"28":{"start":{"line":42,"column":4},"end":{"line":42,"column":27}},"29":{"start":{"line":45,"column":2},"end":{"line":137,"column":4}},"30":{"start":{"line":51,"column":93},"end":{"line":51,"column":106}},"31":{"start":{"line":58,"column":33},"end":{"line":58,"column":50}},"32":{"start":{"line":77,"column":35},"end":{"line":77,"column":56}},"33":{"start":{"line":87,"column":31},"end":{"line":87,"column":51}},"34":{"start":{"line":94,"column":33},"end":{"line":94,"column":53}},"35":{"start":{"line":119,"column":31},"end":{"line":119,"column":58}}},"fnMap":{"0":{"name":"Navbar","decl":{"start":{"line":8,"column":24},"end":{"line":8,"column":30}},"loc":{"start":{"line":8,"column":30},"end":{"line":138,"column":1}}},"1":{"name":"(anonymous_1)","decl":{"start":{"line":14,"column":26},"end":{"line":14,"column":29}},"loc":{"start":{"line":14,"column":31},"end":{"line":20,"column":1}}},"2":{"name":"(anonymous_2)","decl":{"start":{"line":22,"column":23},"end":{"line":22,"column":26}},"loc":{"start":{"line":22,"column":28},"end":{"line":32,"column":3}}},"3":{"name":"(anonymous_3)","decl":{"start":{"line":51,"column":87},"end":{"line":51,"column":90}},"loc":{"start":{"line":51,"column":93},"end":{"line":51,"column":106}}},"4":{"name":"(anonymous_4)","decl":{"start":{"line":58,"column":27},"end":{"line":58,"column":30}},"loc":{"start":{"line":58,"column":33},"end":{"line":58,"column":50}}},"5":{"name":"(anonymous_5)","decl":{"start":{"line":77,"column":29},"end":{"line":77,"column":32}},"loc":{"start":{"line":77,"column":35},"end":{"line":77,"column":56}}},"6":{"name":"(anonymous_6)","decl":{"start":{"line":87,"column":25},"end":{"line":87,"column":28}},"loc":{"start":{"line":87,"column":31},"end":{"line":87,"column":51}}},"7":{"name":"(anonymous_7)","decl":{"start":{"line":94,"column":27},"end":{"line":94,"column":30}},"loc":{"start":{"line":94,"column":33},"end":{"line":94,"column":53}}},"8":{"name":"(anonymous_8)","decl":{"start":{"line":119,"column":25},"end":{"line":119,"column":28}},"loc":{"start":{"line":119,"column":31},"end":{"line":119,"column":58}}}},"branchMap":{"0":{"loc":{"start":{"line":15,"column":2},"end":{"line":19,"column":3}},"type":"if","locations":[{"start":{"line":15,"column":2},"end":{"line":19,"column":3}},{"start":{"line":17,"column":9},"end":{"line":19,"column":3}}]},"1":{"loc":{"start":{"line":15,"column":6},"end":{"line":15,"column":73}},"type":"binary-expr","locations":[{"start":{"line":15,"column":6},"end":{"line":15,"column":39}},{"start":{"line":15,"column":43},"end":{"line":15,"column":73}}]},"2":{"loc":{"start":{"line":16,"column":13},"end":{"line":16,"column":71}},"type":"cond-expr","locations":[{"start":{"line":16,"column":49},"end":{"line":16,"column":57}},{"start":{"line":16,"column":60},"end":{"line":16,"column":71}}]},"3":{"loc":{"start":{"line":37,"column":2},"end":{"line":43,"column":3}},"type":"if","locations":[{"start":{"line":37,"column":2},"end":{"line":43,"column":3}},{"start":{"line":39,"column":9},"end":{"line":43,"column":3}}]},"4":{"loc":{"start":{"line":39,"column":9},"end":{"line":43,"column":3}},"type":"if","locations":[{"start":{"line":39,"column":9},"end":{"line":43,"column":3}},{"start":{"line":41,"column":9},"end":{"line":43,"column":3}}]},"5":{"loc":{"start":{"line":75,"column":17},"end":{"line":81,"column":null}},"type":"binary-expr","locations":[{"start":{"line":75,"column":17},"end":{"line":75,"column":27}},{"start":{"line":76,"column":18},"end":{"line":78,"column":null}}]},"6":{"loc":{"start":{"line":92,"column":15},"end":{"line":98,"column":null}},"type":"binary-expr","locations":[{"start":{"line":92,"column":15},"end":{"line":92,"column":25}},{"start":{"line":93,"column":16},"end":{"line":95,"column":null}}]},"7":{"loc":{"start":{"line":112,"column":7},"end":{"line":134,"column":null}},"type":"binary-expr","locations":[{"start":{"line":112,"column":7},"end":{"line":112,"column":24}},{"start":{"line":113,"column":8},"end":{"line":133,"column":null}}]}},"s":{"0":1,"1":1,"2":1,"3":1,"4":1,"5":1,"6":1,"7":11,"8":11,"9":11,"10":11,"11":11,"12":5,"13":2,"14":3,"15":11,"16":3,"17":3,"18":3,"19":3,"20":3,"21":3,"22":11,"23":11,"24":11,"25":2,"26":9,"27":2,"28":7,"29":11,"30":1,"31":1,"32":1,"33":1,"34":1,"35":0},"f":{"0":11,"1":5,"2":3,"3":1,"4":1,"5":1,"6":1,"7":1,"8":0},"b":{"0":[2,3],"1":[5,4],"2":[1,1],"3":[2,9],"4":[2,7],"5":[11,6],"6":[11,6],"7":[11,0]}}
,"/Users/karthi/Documents/HyperVerge/Bus-Ticket-Booking/frontend/src/components/TripCard.tsx": {"path":"/Users/karthi/Documents/HyperVerge/Bus-Ticket-Booking/frontend/src/components/TripCard.tsx","statementMap":{"0":{"start":{"line":3,"column":0},"end":{"line":3,"column":45}},"1":{"start":{"line":4,"column":0},"end":{"line":4,"column":47}},"2":{"start":{"line":10,"column":42},"end":{"line":96,"column":1}},"3":{"start":{"line":11,"column":17},"end":{"line":11,"column":30}},"4":{"start":{"line":13,"column":21},"end":{"line":16,"column":3}},"5":{"start":{"line":14,"column":17},"end":{"line":14,"column":37}},"6":{"start":{"line":15,"column":4},"end":{"line":15,"column":79}},"7":{"start":{"line":18,"column":28},"end":{"line":25,"column":3}},"8":{"start":{"line":19,"column":22},"end":{"line":19,"column":51}},"9":{"start":{"line":20,"column":20},"end":{"line":20,"column":47}},"10":{"start":{"line":21,"column":23},"end":{"line":21,"column":62}},"11":{"start":{"line":22,"column":18},"end":{"line":22,"column":59}},"12":{"start":{"line":23,"column":20},"end":{"line":23,"column":77}},"13":{"start":{"line":24,"column":4},"end":{"line":24,"column":35}},"14":{"start":{"line":27,"column":28},"end":{"line":29,"column":3}},"15":{"start":{"line":28,"column":4},"end":{"line":28,"column":42}},"16":{"start":{"line":31,"column":2},"end":{"line":95,"column":4}},"17":{"start":{"line":88,"column":12},"end":{"line":88,"column":30}},"18":{"start":{"line":98,"column":0},"end":{"line":98,"column":24}}},"fnMap":{"0":{"name":"(anonymous_0)","decl":{"start":{"line":10,"column":42},"end":{"line":10,"column":43}},"loc":{"start":{"line":10,"column":55},"end":{"line":96,"column":1}}},"1":{"name":"(anonymous_1)","decl":{"start":{"line":13,"column":21},"end":{"line":13,"column":22}},"loc":{"start":{"line":13,"column":44},"end":{"line":16,"column":3}}},"2":{"name":"(anonymous_2)","decl":{"start":{"line":18,"column":28},"end":{"line":18,"column":31}},"loc":{"start":{"line":18,"column":33},"end":{"line":25,"column":3}}},"3":{"name":"(anonymous_3)","decl":{"start":{"line":27,"column":28},"end":{"line":27,"column":31}},"loc":{"start":{"line":27,"column":33},"end":{"line":29,"column":3}}},"4":{"name":"(anonymous_4)","decl":{"start":{"line":87,"column":37},"end":{"line":87,"column":38}},"loc":{"start":{"line":88,"column":12},"end":{"line":88,"column":30}}}},"branchMap":{},"s":{"0":1,"1":1,"2":1,"3":9,"4":9,"5":18,"6":18,"7":9,"8":9,"9":9,"10":9,"11":9,"12":9,"13":9,"14":9,"15":1,"16":9,"17":27,"18":1},"f":{"0":9,"1":18,"2":9,"3":1,"4":27},"b":{}}
,"/Users/karthi/Documents/HyperVerge/Bus-Ticket-Booking/frontend/src/components/TripSearch.tsx": {"path":"/Users/karthi/Documents/HyperVerge/Bus-Ticket-Booking/frontend/src/components/TripSearch.tsx","statementMap":{"0":{"start":{"line":1,"column":0},"end":{"line":1,"column":40}},"1":{"start":{"line":2,"column":0},"end":{"line":2,"column":66}},"2":{"start":{"line":4,"column":0},"end":{"line":4,"column":34}},"3":{"start":{"line":5,"column":0},"end":{"line":5,"column":65}},"4":{"start":{"line":9,"column":29},"end":{"line":168,"column":1}},"5":{"start":{"line":10,"column":28},"end":{"line":16,"column":4}},"6":{"start":{"line":18,"column":57},"end":{"line":18,"column":86}},"7":{"start":{"line":20,"column":23},"end":{"line":28,"column":3}},"8":{"start":{"line":21,"column":28},"end":{"line":21,"column":36}},"9":{"start":{"line":22,"column":4},"end":{"line":27,"column":7}},"10":{"start":{"line":30,"column":23},"end":{"line":36,"column":3}},"11":{"start":{"line":32,"column":26},"end":{"line":33,"column":null}},"12":{"start":{"line":33,"column":51},"end":{"line":33,"column":86}},"13":{"start":{"line":35,"column":4},"end":{"line":35,"column":42}},"14":{"start":{"line":38,"column":2},"end":{"line":167,"column":4}},"15":{"start":{"line":157,"column":14},"end":{"line":158,"column":null}},"16":{"start":{"line":170,"column":0},"end":{"line":170,"column":26}}},"fnMap":{"0":{"name":"(anonymous_1)","decl":{"start":{"line":9,"column":29},"end":{"line":9,"column":32}},"loc":{"start":{"line":9,"column":34},"end":{"line":168,"column":1}}},"1":{"name":"(anonymous_2)","decl":{"start":{"line":20,"column":23},"end":{"line":20,"column":24}},"loc":{"start":{"line":20,"column":86},"end":{"line":28,"column":3}}},"2":{"name":"(anonymous_3)","decl":{"start":{"line":30,"column":23},"end":{"line":30,"column":28}},"loc":{"start":{"line":30,"column":34},"end":{"line":36,"column":3}}},"3":{"name":"(anonymous_4)","decl":{"start":{"line":33,"column":35},"end":{"line":33,"column":36}},"loc":{"start":{"line":33,"column":51},"end":{"line":33,"column":86}}},"4":{"name":"(anonymous_5)","decl":{"start":{"line":156,"column":27},"end":{"line":156,"column":28}},"loc":{"start":{"line":157,"column":14},"end":{"line":158,"column":null}}}},"branchMap":{"0":{"loc":{"start":{"line":24,"column":14},"end":{"line":26,"column":13}},"type":"cond-expr","locations":[{"start":{"line":25,"column":8},"end":{"line":25,"column":41}},{"start":{"line":26,"column":8},"end":{"line":26,"column":13}}]},"1":{"loc":{"start":{"line":24,"column":14},"end":{"line":24,"column":56}},"type":"binary-expr","locations":[{"start":{"line":24,"column":14},"end":{"line":24,"column":36}},{"start":{"line":24,"column":40},"end":{"line":24,"column":56}}]},"2":{"loc":{"start":{"line":25,"column":8},"end":{"line":25,"column":41}},"type":"cond-expr","locations":[{"start":{"line":25,"column":16},"end":{"line":25,"column":29}},{"start":{"line":25,"column":32},"end":{"line":25,"column":41}}]},"3":{"loc":{"start":{"line":33,"column":51},"end":{"line":33,"column":86}},"type":"binary-expr","locations":[{"start":{"line":33,"column":51},"end":{"line":33,"column":70}},{"start":{"line":33,"column":74},"end":{"line":33,"column":86}}]},"4":{"loc":{"start":{"line":83,"column":21},"end":{"line":83,"column":41}},"type":"binary-expr","locations":[{"start":{"line":83,"column":21},"end":{"line":83,"column":35}},{"start":{"line":83,"column":39},"end":{"line":83,"column":41}}]},"5":{"loc":{"start":{"line":99,"column":21},"end":{"line":99,"column":41}},"type":"binary-expr","locations":[{"start":{"line":99,"column":21},"end":{"line":99,"column":35}},{"start":{"line":99,"column":39},"end":{"line":99,"column":41}}]},"6":{"loc":{"start":{"line":115,"column":21},"end":{"line":115,"column":38}},"type":"binary-expr","locations":[{"start":{"line":115,"column":21},"end":{"line":115,"column":32}},{"start":{"line":115,"column":36},"end":{"line":115,"column":38}}]},"7":{"loc":{"start":{"line":135,"column":9},"end":{"line":138,"column":null}},"type":"binary-expr","locations":[{"start":{"line":135,"column":9},"end":{"line":135,"column":18}},{"start":{"line":136,"column":10},"end":{"line":137,"column":null}}]},"8":{"loc":{"start":{"line":141,"column":9},"end":{"line":144,"column":null}},"type":"binary-expr","locations":[{"start":{"line":141,"column":9},"end":{"line":141,"column":14}},{"start":{"line":142,"column":10},"end":{"line":142,"column":null}}]},"9":{"loc":{"start":{"line":147,"column":9},"end":{"line":150,"column":null}},"type":"binary-expr","locations":[{"start":{"line":147,"column":9},"end":{"line":147,"column":19}},{"start":{"line":147,"column":23},"end":{"line":147,"column":45}},{"start":{"line":148,"column":10},"end":{"line":148,"column":null}}]},"10":{"loc":{"start":{"line":153,"column":9},"end":{"line":163,"column":null}},"type":"binary-expr","locations":[{"start":{"line":153,"column":9},"end":{"line":153,"column":19}},{"start":{"line":153,"column":23},"end":{"line":153,"column":43}},{"start":{"line":154,"column":10},"end":{"line":162,"column":null}}]}},"s":{"0":1,"1":1,"2":1,"3":1,"4":1,"5":17,"6":17,"7":17,"8":9,"9":9,"10":17,"11":2,"12":10,"13":2,"14":17,"15":2,"16":1},"f":{"0":17,"1":9,"2":2,"3":10,"4":2},"b":{"0":[4,5],"1":[9,6],"2":[4,0],"3":[10,5],"4":[17,13],"5":[17,15],"6":[17,16],"7":[17,1],"8":[17,1],"9":[17,2,1],"10":[17,2,1]}}
,"/Users/karthi/Documents/HyperVerge/Bus-Ticket-Booking/frontend/src/components/forms/RegisterForm.tsx": {"path":"/Users/karthi/Documents/HyperVerge/Bus-Ticket-Booking/frontend/src/components/forms/RegisterForm.tsx","statementMap":{"0":{"start":{"line":57,"column":0},"end":{"line":57,"column":24}},"1":{"start":{"line":1,"column":0},"end":{"line":1,"column":57}},"2":{"start":{"line":2,"column":0},"end":{"line":2,"column":92}},"3":{"start":{"line":4,"column":0},"end":{"line":4,"column":65}},"4":{"start":{"line":5,"column":0},"end":{"line":5,"column":55}},"5":{"start":{"line":6,"column":0},"end":{"line":6,"column":53}},"6":{"start":{"line":8,"column":0},"end":{"line":8,"column":47}},"7":{"start":{"line":10,"column":38},"end":{"line":16,"column":2}},"8":{"start":{"line":18,"column":40},"end":{"line":55,"column":1}},"9":{"start":{"line":22,"column":14},"end":{"line":22,"column":18}},"10":{"start":{"line":23,"column":40},"end":{"line":23,"column":42}},"11":{"start":{"line":25,"column":2},"end":{"line":28,"column":3}},"12":{"start":{"line":26,"column":4},"end":{"line":26,"column":37}},"13":{"start":{"line":27,"column":4},"end":{"line":27,"column":18}},"14":{"start":{"line":30,"column":2},"end":{"line":36,"column":3}},"15":{"start":{"line":31,"column":4},"end":{"line":31,"column":39}},"16":{"start":{"line":32,"column":4},"end":{"line":32,"column":18}},"17":{"start":{"line":33,"column":9},"end":{"line":36,"column":3}},"18":{"start":{"line":34,"column":4},"end":{"line":34,"column":56}},"19":{"start":{"line":35,"column":4},"end":{"line":35,"column":18}},"20":{"start":{"line":38,"column":2},"end":{"line":44,"column":3}},"21":{"start":{"line":39,"column":4},"end":{"line":39,"column":45}},"22":{"start":{"line":40,"column":4},"end":{"line":40,"column":18}},"23":{"start":{"line":41,"column":9},"end":{"line":44,"column":3}},"24":{"start":{"line":42,"column":4},"end":{"line":42,"column":63}},"25":{"start":{"line":43,"column":4},"end":{"line":43,"column":18}},"26":{"start":{"line":46,"column":2},"end":{"line":52,"column":3}},"27":{"start":{"line":47,"column":4},"end":{"line":47,"column":46}},"28":{"start":{"line":48,"column":4},"end":{"line":48,"column":18}},"29":{"start":{"line":49,"column":9},"end":{"line":52,"column":3}},"30":{"start":{"line":50,"column":4},"end":{"line":50,"column":53}},"31":{"start":{"line":51,"column":4},"end":{"line":51,"column":18}},"32":{"start":{"line":54,"column":2},"end":{"line":54,"column":27}},"33":{"start":{"line":18,"column":13},"end":{"line":18,"column":40}},"34":{"start":{"line":58,"column":19},"end":{"line":58,"column":32}},"35":{"start":{"line":59,"column":19},"end":{"line":59,"column":32}},"36":{"start":{"line":60,"column":22},"end":{"line":60,"column":79}},"37":{"start":{"line":60,"column":56},"end":{"line":60,"column":78}},"38":{"start":{"line":61,"column":34},"end":{"line":61,"column":73}},"39":{"start":{"line":62,"column":40},"end":{"line":62,"column":65}},"40":{"start":{"line":63,"column":30},"end":{"line":63,"column":65}},"41":{"start":{"line":64,"column":42},"end":{"line":64,"column":57}},"42":{"start":{"line":65,"column":40},"end":{"line":65,"column":69}},"43":{"start":{"line":67,"column":23},"end":{"line":74,"column":3}},"44":{"start":{"line":68,"column":28},"end":{"line":68,"column":36}},"45":{"start":{"line":69,"column":4},"end":{"line":69,"column":54}},"46":{"start":{"line":69,"column":25},"end":{"line":69,"column":51}},"47":{"start":{"line":70,"column":4},"end":{"line":72,"column":5}},"48":{"start":{"line":71,"column":6},"end":{"line":71,"column":51}},"49":{"start":{"line":71,"column":25},"end":{"line":71,"column":48}},"50":{"start":{"line":73,"column":4},"end":{"line":73,"column":42}},"51":{"start":{"line":73,"column":21},"end":{"line":73,"column":42}},"52":{"start":{"line":76,"column":2},"end":{"line":80,"column":30}},"53":{"start":{"line":77,"column":4},"end":{"line":79,"column":5}},"54":{"start":{"line":78,"column":6},"end":{"line":78,"column":25}},"55":{"start":{"line":82,"column":23},"end":{"line":86,"column":3}},"56":{"start":{"line":83,"column":41},"end":{"line":83,"column":75}},"57":{"start":{"line":84,"column":4},"end":{"line":84,"column":25}},"58":{"start":{"line":85,"column":4},"end":{"line":85,"column":17}},"59":{"start":{"line":88,"column":23},"end":{"line":103,"column":3}},"60":{"start":{"line":89,"column":4},"end":{"line":89,"column":23}},"61":{"start":{"line":91,"column":4},"end":{"line":91,"column":32}},"62":{"start":{"line":91,"column":25},"end":{"line":91,"column":32}},"63":{"start":{"line":93,"column":4},"end":{"line":102,"column":5}},"64":{"start":{"line":94,"column":18},"end":{"line":94,"column":55}},"65":{"start":{"line":95,"column":6},"end":{"line":95,"column":51}},"66":{"start":{"line":96,"column":6},"end":{"line":96,"column":34}},"67":{"start":{"line":97,"column":6},"end":{"line":97,"column":35}},"68":{"start":{"line":100,"column":6},"end":{"line":100,"column":48}},"69":{"start":{"line":101,"column":6},"end":{"line":101,"column":85}},"70":{"start":{"line":105,"column":27},"end":{"line":108,"column":3}},"71":{"start":{"line":106,"column":4},"end":{"line":106,"column":23}},"72":{"start":{"line":107,"column":4},"end":{"line":107,"column":23}},"73":{"start":{"line":110,"column":2},"end":{"line":289,"column":4}},"74":{"start":{"line":188,"column":29},"end":{"line":188,"column":59}}},"fnMap":{"0":{"name":"(anonymous_0)","decl":{"start":{"line":18,"column":40},"end":{"line":18,"column":41}},"loc":{"start":{"line":21,"column":4},"end":{"line":55,"column":1}}},"1":{"name":"RegistrationForm","decl":{"start":{"line":57,"column":24},"end":{"line":57,"column":40}},"loc":{"start":{"line":57,"column":40},"end":{"line":290,"column":1}}},"2":{"name":"(anonymous_2)","decl":{"start":{"line":60,"column":34},"end":{"line":60,"column":35}},"loc":{"start":{"line":60,"column":56},"end":{"line":60,"column":78}}},"3":{"name":"(anonymous_3)","decl":{"start":{"line":67,"column":23},"end":{"line":67,"column":24}},"loc":{"start":{"line":67,"column":80},"end":{"line":74,"column":3}}},"4":{"name":"(anonymous_4)","decl":{"start":{"line":69,"column":16},"end":{"line":69,"column":20}},"loc":{"start":{"line":69,"column":25},"end":{"line":69,"column":51}}},"5":{"name":"(anonymous_5)","decl":{"start":{"line":71,"column":16},"end":{"line":71,"column":20}},"loc":{"start":{"line":71,"column":25},"end":{"line":71,"column":48}}},"6":{"name":"(anonymous_6)","decl":{"start":{"line":76,"column":12},"end":{"line":76,"column":15}},"loc":{"start":{"line":76,"column":17},"end":{"line":80,"column":3}}},"7":{"name":"(anonymous_7)","decl":{"start":{"line":82,"column":23},"end":{"line":82,"column":26}},"loc":{"start":{"line":82,"column":28},"end":{"line":86,"column":3}}},"8":{"name":"(anonymous_8)","decl":{"start":{"line":88,"column":23},"end":{"line":88,"column":28}},"loc":{"start":{"line":88,"column":52},"end":{"line":103,"column":3}}},"9":{"name":"(anonymous_9)","decl":{"start":{"line":105,"column":27},"end":{"line":105,"column":28}},"loc":{"start":{"line":105,"column":70},"end":{"line":108,"column":3}}},"10":{"name":"(anonymous_10)","decl":{"start":{"line":188,"column":23},"end":{"line":188,"column":26}},"loc":{"start":{"line":188,"column":29},"end":{"line":188,"column":59}}}},"branchMap":{"0":{"loc":{"start":{"line":25,"column":2},"end":{"line":28,"column":3}},"type":"if","locations":[{"start":{"line":25,"column":2},"end":{"line":28,"column":3}}]},"1":{"loc":{"start":{"line":30,"column":2},"end":{"line":36,"column":3}},"type":"if","locations":[{"start":{"line":30,"column":2},"end":{"line":36,"column":3}},{"start":{"line":33,"column":9},"end":{"line":36,"column":3}}]},"2":{"loc":{"start":{"line":33,"column":9},"end":{"line":36,"column":3}},"type":"if","locations":[{"start":{"line":33,"column":9},"end":{"line":36,"column":3}}]},"3":{"loc":{"start":{"line":38,"column":2},"end":{"line":44,"column":3}},"type":"if","locations":[{"start":{"line":38,"column":2},"end":{"line":44,"column":3}},{"start":{"line":41,"column":9},"end":{"line":44,"column":3}}]},"4":{"loc":{"start":{"line":41,"column":9},"end":{"line":44,"column":3}},"type":"if","locations":[{"start":{"line":41,"column":9},"end":{"line":44,"column":3}}]},"5":{"loc":{"start":{"line":46,"column":2},"end":{"line":52,"column":3}},"type":"if","locations":[{"start":{"line":46,"column":2},"end":{"line":52,"column":3}},{"start":{"line":49,"column":9},"end":{"line":52,"column":3}}]},"6":{"loc":{"start":{"line":49,"column":9},"end":{"line":52,"column":3}},"type":"if","locations":[{"start":{"line":49,"column":9},"end":{"line":52,"column":3}}]},"7":{"loc":{"start":{"line":70,"column":4},"end":{"line":72,"column":5}},"type":"if","locations":[{"start":{"line":70,"column":4},"end":{"line":72,"column":5}}]},"8":{"loc":{"start":{"line":73,"column":4},"end":{"line":73,"column":42}},"type":"if","locations":[{"start":{"line":73,"column":4},"end":{"line":73,"column":42}}]},"9":{"loc":{"start":{"line":77,"column":4},"end":{"line":79,"column":5}},"type":"if","locations":[{"start":{"line":77,"column":4},"end":{"line":79,"column":5}}]},"10":{"loc":{"start":{"line":91,"column":4},"end":{"line":91,"column":32}},"type":"if","locations":[{"start":{"line":91,"column":4},"end":{"line":91,"column":32}}]},"11":{"loc":{"start":{"line":101,"column":21},"end":{"line":101,"column":83}},"type":"binary-expr","locations":[{"start":{"line":101,"column":21},"end":{"line":101,"column":39}},{"start":{"line":101,"column":43},"end":{"line":101,"column":83}}]},"12":{"loc":{"start":{"line":112,"column":7},"end":{"line":116,"column":null}},"type":"binary-expr","locations":[{"start":{"line":112,"column":7},"end":{"line":112,"column":18}},{"start":{"line":113,"column":8},"end":{"line":115,"column":null}}]},"13":{"loc":{"start":{"line":136,"column":16},"end":{"line":136,"column":null}},"type":"cond-expr","locations":[{"start":{"line":136,"column":30},"end":{"line":136,"column":46}},{"start":{"line":136,"column":49},"end":{"line":136,"column":null}}]},"14":{"loc":{"start":{"line":141,"column":11},"end":{"line":141,"column":79}},"type":"binary-expr","locations":[{"start":{"line":141,"column":11},"end":{"line":141,"column":22}},{"start":{"line":141,"column":26},"end":{"line":141,"column":79}}]},"15":{"loc":{"start":{"line":159,"column":16},"end":{"line":159,"column":null}},"type":"cond-expr","locations":[{"start":{"line":159,"column":31},"end":{"line":159,"column":47}},{"start":{"line":159,"column":50},"end":{"line":159,"column":null}}]},"16":{"loc":{"start":{"line":164,"column":11},"end":{"line":164,"column":81}},"type":"binary-expr","locations":[{"start":{"line":164,"column":11},"end":{"line":164,"column":23}},{"start":{"line":164,"column":27},"end":{"line":164,"column":81}}]},"17":{"loc":{"start":{"line":178,"column":20},"end":{"line":178,"column":54}},"type":"cond-expr","locations":[{"start":{"line":178,"column":35},"end":{"line":178,"column":41}},{"start":{"line":178,"column":44},"end":{"line":178,"column":54}}]},"18":{"loc":{"start":{"line":182,"column":16},"end":{"line":182,"column":null}},"type":"cond-expr","locations":[{"start":{"line":182,"column":34},"end":{"line":182,"column":50}},{"start":{"line":182,"column":53},"end":{"line":182,"column":null}}]},"19":{"loc":{"start":{"line":191,"column":15},"end":{"line":194,"column":null}},"type":"cond-expr","locations":[{"start":{"line":192,"column":16},"end":{"line":192,"column":60}},{"start":{"line":194,"column":16},"end":{"line":194,"column":57}}]},"20":{"loc":{"start":{"line":198,"column":11},"end":{"line":198,"column":87}},"type":"binary-expr","locations":[{"start":{"line":198,"column":11},"end":{"line":198,"column":26}},{"start":{"line":198,"column":30},"end":{"line":198,"column":87}}]},"21":{"loc":{"start":{"line":217,"column":16},"end":{"line":217,"column":null}},"type":"cond-expr","locations":[{"start":{"line":217,"column":31},"end":{"line":217,"column":47}},{"start":{"line":217,"column":50},"end":{"line":217,"column":null}}]},"22":{"loc":{"start":{"line":222,"column":11},"end":{"line":222,"column":81}},"type":"binary-expr","locations":[{"start":{"line":222,"column":11},"end":{"line":222,"column":23}},{"start":{"line":222,"column":27},"end":{"line":222,"column":81}}]},"23":{"loc":{"start":{"line":252,"column":13},"end":{"line":261,"column":null}},"type":"cond-expr","locations":[{"start":{"line":253,"column":14},"end":{"line":257,"column":null}},{"start":{"line":261,"column":14},"end":{"line":261,"column":30}}]}},"s":{"0":1,"1":1,"2":1,"3":1,"4":1,"5":1,"6":1,"7":1,"8":1,"9":7,"10":7,"11":7,"12":3,"13":3,"14":7,"15":3,"16":3,"17":4,"18":1,"19":1,"20":7,"21":2,"22":2,"23":5,"24":1,"25":1,"26":7,"27":2,"28":2,"29":5,"30":1,"31":1,"32":7,"33":1,"34":39,"35":39,"36":39,"37":0,"38":39,"39":39,"40":39,"41":39,"42":39,"43":39,"44":17,"45":17,"46":17,"47":17,"48":1,"49":1,"50":17,"51":1,"52":39,"53":11,"54":1,"55":39,"56":6,"57":6,"58":6,"59":39,"60":6,"61":6,"62":3,"63":3,"64":3,"65":1,"66":1,"67":1,"68":2,"69":2,"70":39,"71":1,"72":1,"73":39,"74":2},"f":{"0":7,"1":39,"2":0,"3":17,"4":17,"5":1,"6":11,"7":6,"8":6,"9":1,"10":2},"b":{"0":[3],"1":[3,4],"2":[1],"3":[2,5],"4":[1],"5":[2,5],"6":[1],"7":[1],"8":[1],"9":[1],"10":[3],"11":[2,0],"12":[39,2],"13":[3,36],"14":[39,3],"15":[4,35],"16":[39,4],"17":[1,38],"18":[4,35],"19":[1,38],"20":[39,4],"21":[4,35],"22":[39,4],"23":[1,38]}}
,"/Users/karthi/Documents/HyperVerge/Bus-Ticket-Booking/frontend/src/services/bookingApi.ts": {"path":"/Users/karthi/Documents/HyperVerge/Bus-Ticket-Booking/frontend/src/services/bookingApi.ts","statementMap":{"0":{"start":{"line":2,"column":0},"end":{"line":2,"column":73}},"1":{"start":{"line":3,"column":0},"end":{"line":3,"column":51}},"2":{"start":{"line":12,"column":13},"end":{"line":54,"column":3}},"3":{"start":{"line":19,"column":20},"end":{"line":19,"column":35}},"4":{"start":{"line":20,"column":6},"end":{"line":22,"column":7}},"5":{"start":{"line":21,"column":8},"end":{"line":21,"column":56}},"6":{"start":{"line":23,"column":6},"end":{"line":23,"column":21}},"7":{"start":{"line":27,"column":27},"end":{"line":53,"column":4}},"8":{"start":{"line":29,"column":24},"end":{"line":33,"column":8}},"9":{"start":{"line":38,"column":20},"end":{"line":41,"column":8}},"10":{"start":{"line":46,"column":24},"end":{"line":50,"column":8}},"11":{"start":{"line":57,"column":2},"end":{"line":60,"column":15}}},"fnMap":{"0":{"name":"(anonymous_0)","decl":{"start":{"line":18,"column":20},"end":{"line":18,"column":21}},"loc":{"start":{"line":18,"column":32},"end":{"line":24,"column":5}}},"1":{"name":"(anonymous_1)","decl":{"start":{"line":27,"column":13},"end":{"line":27,"column":14}},"loc":{"start":{"line":27,"column":27},"end":{"line":53,"column":4}}},"2":{"name":"(anonymous_2)","decl":{"start":{"line":29,"column":13},"end":{"line":29,"column":14}},"loc":{"start":{"line":29,"column":24},"end":{"line":33,"column":8}}},"3":{"name":"(anonymous_3)","decl":{"start":{"line":38,"column":13},"end":{"line":38,"column":16}},"loc":{"start":{"line":38,"column":20},"end":{"line":41,"column":8}}},"4":{"name":"(anonymous_4)","decl":{"start":{"line":46,"column":13},"end":{"line":46,"column":14}},"loc":{"start":{"line":46,"column":24},"end":{"line":50,"column":8}}}},"branchMap":{"0":{"loc":{"start":{"line":20,"column":6},"end":{"line":22,"column":7}},"type":"if","locations":[{"start":{"line":20,"column":6},"end":{"line":22,"column":7}}]}},"s":{"0":3,"1":3,"2":3,"3":4,"4":4,"5":4,"6":4,"7":3,"8":1,"9":2,"10":1,"11":3},"f":{"0":4,"1":3,"2":1,"3":2,"4":1},"b":{"0":[4]}}
,"/Users/karthi/Documents/HyperVerge/Bus-Ticket-Booking/frontend/src/services/tripApi.ts": {"path":"/Users/karthi/Documents/HyperVerge/Bus-Ticket-Booking/frontend/src/services/tripApi.ts","statementMap":{"0":{"start":{"line":1,"column":0},"end":{"line":1,"column":73}},"1":{"start":{"line":3,"column":0},"end":{"line":3,"column":51}},"2":{"start":{"line":6,"column":13},"end":{"line":41,"column":3}},"3":{"start":{"line":12,"column":20},"end":{"line":12,"column":35}},"4":{"start":{"line":13,"column":6},"end":{"line":15,"column":7}},"5":{"start":{"line":14,"column":8},"end":{"line":14,"column":56}},"6":{"start":{"line":16,"column":6},"end":{"line":16,"column":21}},"7":{"start":{"line":20,"column":27},"end":{"line":40,"column":4}},"8":{"start":{"line":22,"column":26},"end":{"line":26,"column":8}},"9":{"start":{"line":32,"column":30},"end":{"line":35,"column":8}},"10":{"start":{"line":43,"column":15},"end":{"line":43,"column":76}}},"fnMap":{"0":{"name":"(anonymous_0)","decl":{"start":{"line":11,"column":20},"end":{"line":11,"column":21}},"loc":{"start":{"line":11,"column":32},"end":{"line":17,"column":5}}},"1":{"name":"(anonymous_1)","decl":{"start":{"line":20,"column":13},"end":{"line":20,"column":14}},"loc":{"start":{"line":20,"column":27},"end":{"line":40,"column":4}}},"2":{"name":"(anonymous_2)","decl":{"start":{"line":22,"column":13},"end":{"line":22,"column":14}},"loc":{"start":{"line":22,"column":26},"end":{"line":26,"column":8}}},"3":{"name":"(anonymous_3)","decl":{"start":{"line":32,"column":13},"end":{"line":32,"column":14}},"loc":{"start":{"line":32,"column":30},"end":{"line":35,"column":8}}}},"branchMap":{"0":{"loc":{"start":{"line":13,"column":6},"end":{"line":15,"column":7}},"type":"if","locations":[{"start":{"line":13,"column":6},"end":{"line":15,"column":7}}]}},"s":{"0":2,"1":2,"2":2,"3":2,"4":2,"5":2,"6":2,"7":2,"8":1,"9":1,"10":2},"f":{"0":2,"1":2,"2":1,"3":1},"b":{"0":[2]}}
,"/Users/karthi/Documents/HyperVerge/Bus-Ticket-Booking/frontend/src/services/userApi.ts": {"path":"/Users/karthi/Documents/HyperVerge/Bus-Ticket-Booking/frontend/src/services/userApi.ts","statementMap":{"0":{"start":{"line":1,"column":0},"end":{"line":1,"column":73}},"1":{"start":{"line":3,"column":13},"end":{"line":3,"column":null}},"2":{"start":{"line":5,"column":13},"end":{"line":26,"column":3}},"3":{"start":{"line":9,"column":2},"end":{"line":24,"column":4}},"4":{"start":{"line":11,"column":24},"end":{"line":15,"column":8}},"5":{"start":{"line":18,"column":31},"end":{"line":22,"column":8}},"6":{"start":{"line":28,"column":15},"end":{"line":28,"column":72}}},"fnMap":{"0":{"name":"(anonymous_0)","decl":{"start":{"line":8,"column":13},"end":{"line":8,"column":14}},"loc":{"start":{"line":9,"column":2},"end":{"line":24,"column":4}}},"1":{"name":"(anonymous_1)","decl":{"start":{"line":11,"column":13},"end":{"line":11,"column":14}},"loc":{"start":{"line":11,"column":24},"end":{"line":15,"column":8}}},"2":{"name":"(anonymous_2)","decl":{"start":{"line":18,"column":13},"end":{"line":18,"column":14}},"loc":{"start":{"line":18,"column":31},"end":{"line":22,"column":8}}}},"branchMap":{},"s":{"0":2,"1":2,"2":2,"3":2,"4":1,"5":1,"6":2},"f":{"0":2,"1":1,"2":1},"b":{}}
,"/Users/karthi/Documents/HyperVerge/Bus-Ticket-Booking/frontend/src/store/user/userSlice.ts": {"path":"/Users/karthi/Documents/HyperVerge/Bus-Ticket-Booking/frontend/src/store/user/userSlice.ts","statementMap":{"0":{"start":{"line":1,"column":0},"end":{"line":1,"column":62}},"1":{"start":{"line":8,"column":32},"end":{"line":10,"column":2}},"2":{"start":{"line":12,"column":18},"end":{"line":20,"column":2}},"3":{"start":{"line":17,"column":6},"end":{"line":17,"column":41}},"4":{"start":{"line":22,"column":15},"end":{"line":22,"column":45}},"5":{"start":{"line":23,"column":0},"end":{"line":23,"column":33}}},"fnMap":{"0":{"name":"(anonymous_0)","decl":{"start":{"line":16,"column":13},"end":{"line":16,"column":14}},"loc":{"start":{"line":16,"column":52},"end":{"line":18,"column":5}}}},"branchMap":{},"s":{"0":2,"1":2,"2":2,"3":1,"4":2,"5":2},"f":{"0":1},"b":{}}
,"/Users/karthi/Documents/HyperVerge/Bus-Ticket-Booking/frontend/src/utils/authUtils.ts": {"path":"/Users/karthi/Documents/HyperVerge/Bus-Ticket-Booking/frontend/src/utils/authUtils.ts","statementMap":{"0":{"start":{"line":1,"column":29},"end":{"line":14,"column":3}},"1":{"start":{"line":2,"column":21},"end":{"line":2,"column":54}},"2":{"start":{"line":3,"column":4},"end":{"line":3,"column":31}},"3":{"start":{"line":3,"column":19},"end":{"line":3,"column":31}},"4":{"start":{"line":5,"column":4},"end":{"line":12,"column":5}},"5":{"start":{"line":6,"column":32},"end":{"line":6,"column":52}},"6":{"start":{"line":7,"column":6},"end":{"line":9,"column":7}},"7":{"start":{"line":8,"column":8},"end":{"line":8,"column":21}},"8":{"start":{"line":11,"column":6},"end":{"line":11,"column":53}},"9":{"start":{"line":13,"column":4},"end":{"line":13,"column":16}},"10":{"start":{"line":1,"column":13},"end":{"line":1,"column":29}}},"fnMap":{"0":{"name":"(anonymous_0)","decl":{"start":{"line":1,"column":29},"end":{"line":1,"column":47}},"loc":{"start":{"line":1,"column":49},"end":{"line":14,"column":3}}}},"branchMap":{"0":{"loc":{"start":{"line":3,"column":4},"end":{"line":3,"column":31}},"type":"if","locations":[{"start":{"line":3,"column":4},"end":{"line":3,"column":31}}]},"1":{"loc":{"start":{"line":7,"column":6},"end":{"line":9,"column":7}},"type":"if","locations":[{"start":{"line":7,"column":6},"end":{"line":9,"column":7}}]}},"s":{"0":3,"1":4,"2":4,"3":1,"4":3,"5":3,"6":2,"7":1,"8":1,"9":2,"10":3},"f":{"0":4},"b":{"0":[1],"1":[1]}}
}
