TN:
SF:src/components/BookingCard.tsx
FN:6,(anonymous_0)
FN:14,(anonymous_1)
FN:22,(anonymous_2)
FN:23,(anonymous_3)
FN:26,(anonymous_4)
FN:27,(anonymous_5)
FN:32,(anonymous_6)
FN:38,(anonymous_7)
FN:48,(anonymous_8)
FN:55,(anonymous_9)
FN:115,(anonymous_10)
FN:160,(anonymous_11)
FN:195,(anonymous_12)
FN:207,(anonymous_13)
FN:213,(anonymous_14)
FN:232,(anonymous_15)
FN:260,(anonymous_16)
FNF:17
FNH:17
FNDA:59,(anonymous_0)
FNDA:33,(anonymous_1)
FNDA:7,(anonymous_2)
FNDA:7,(anonymous_3)
FNDA:8,(anonymous_4)
FNDA:8,(anonymous_5)
FNDA:1,(anonymous_6)
FNDA:4,(anonymous_7)
FNDA:1,(anonymous_8)
FNDA:1,(anonymous_9)
FNDA:29,(anonymous_10)
FNDA:87,(anonymous_11)
FNDA:7,(anonymous_12)
FNDA:54,(anonymous_13)
FNDA:8,(anonymous_14)
FNDA:4,(anonymous_15)
FNDA:1,(anonymous_16)
DA:1,1
DA:3,1
DA:6,1
DA:7,59
DA:8,59
DA:14,1
DA:15,33
DA:16,33
DA:17,33
DA:18,33
DA:19,33
DA:20,33
DA:22,33
DA:23,7
DA:26,33
DA:27,8
DA:28,8
DA:29,8
DA:32,1
DA:38,33
DA:39,4
DA:41,4
DA:42,4
DA:47,1
DA:48,1
DA:50,1
DA:55,1
DA:56,1
DA:59,3
DA:60,3
DA:67,33
DA:68,1
DA:75,32
DA:76,1
DA:85,31
DA:86,1
DA:93,30
DA:94,30
DA:96,30
DA:116,29
DA:161,87
DA:195,7
DA:209,54
DA:210,54
DA:213,8
DA:232,4
DA:261,1
DA:285,1
LF:48
LH:48
BRDA:23,0,0,0
BRDA:23,0,1,7
BRDA:28,1,0,8
BRDA:28,1,1,6
BRDA:31,2,0,1
BRDA:31,2,1,7
BRDA:39,3,0,4
BRDA:39,3,1,0
BRDA:67,4,0,1
BRDA:75,5,0,1
BRDA:85,6,0,1
BRDA:85,7,0,31
BRDA:85,7,1,31
BRDA:85,7,2,2
BRDA:93,8,0,30
BRDA:93,8,1,0
BRDA:94,9,0,30
BRDA:94,9,1,0
BRDA:101,10,0,30
BRDA:101,10,1,4
BRDA:104,11,0,1
BRDA:104,11,1,3
BRDA:133,12,0,29
BRDA:133,12,1,0
BRDA:135,13,0,29
BRDA:135,13,1,0
BRDA:176,14,0,27
BRDA:176,14,1,2
BRDA:178,15,0,1
BRDA:178,15,1,1
BRDA:192,16,0,29
BRDA:192,16,1,29
BRDA:199,17,0,18
BRDA:199,17,1,11
BRDA:202,18,0,29
BRDA:202,18,1,18
BRDA:209,19,0,54
BRDA:209,19,1,42
BRDA:215,20,0,12
BRDA:215,20,1,42
BRDA:229,21,0,18
BRDA:229,21,1,8
BRDA:234,22,0,18
BRDA:234,22,1,10
BRDA:234,23,0,18
BRDA:234,23,1,8
BRDA:237,24,0,9
BRDA:237,24,1,9
BRDA:237,25,0,18
BRDA:237,25,1,16
BRDA:237,26,0,16
BRDA:237,26,1,7
BRDA:242,27,0,2
BRDA:242,27,1,16
BRDA:245,28,0,2
BRDA:245,28,1,16
BRDA:256,29,0,30
BRDA:256,29,1,1
BRF:58
BRH:52
end_of_record
TN:
SF:src/components/Navbar.tsx
FN:8,Navbar
FN:14,(anonymous_1)
FN:22,(anonymous_2)
FN:51,(anonymous_3)
FN:58,(anonymous_4)
FN:77,(anonymous_5)
FN:87,(anonymous_6)
FN:94,(anonymous_7)
FN:119,(anonymous_8)
FNF:9
FNH:8
FNDA:11,Navbar
FNDA:5,(anonymous_1)
FNDA:3,(anonymous_2)
FNDA:1,(anonymous_3)
FNDA:1,(anonymous_4)
FNDA:1,(anonymous_5)
FNDA:1,(anonymous_6)
FNDA:1,(anonymous_7)
FNDA:0,(anonymous_8)
DA:1,1
DA:2,1
DA:3,1
DA:4,1
DA:5,1
DA:6,1
DA:8,1
DA:9,11
DA:10,11
DA:11,11
DA:13,11
DA:14,11
DA:15,5
DA:16,2
DA:18,3
DA:22,11
DA:23,3
DA:25,3
DA:26,3
DA:27,3
DA:28,3
DA:30,3
DA:34,11
DA:36,11
DA:37,11
DA:38,2
DA:39,9
DA:40,2
DA:42,7
DA:45,11
DA:51,1
DA:58,1
DA:77,1
DA:87,1
DA:94,1
DA:119,0
LF:36
LH:35
BRDA:15,0,0,2
BRDA:15,0,1,3
BRDA:15,1,0,5
BRDA:15,1,1,4
BRDA:16,2,0,1
BRDA:16,2,1,1
BRDA:37,3,0,2
BRDA:37,3,1,9
BRDA:39,4,0,2
BRDA:39,4,1,7
BRDA:75,5,0,11
BRDA:75,5,1,6
BRDA:92,6,0,11
BRDA:92,6,1,6
BRDA:112,7,0,11
BRDA:112,7,1,0
BRF:16
BRH:15
end_of_record
TN:
SF:src/components/TripCard.tsx
FN:10,(anonymous_0)
FN:13,(anonymous_1)
FN:18,(anonymous_2)
FN:27,(anonymous_3)
FN:87,(anonymous_4)
FNF:5
FNH:5
FNDA:9,(anonymous_0)
FNDA:18,(anonymous_1)
FNDA:9,(anonymous_2)
FNDA:1,(anonymous_3)
FNDA:27,(anonymous_4)
DA:3,1
DA:4,1
DA:10,1
DA:11,9
DA:13,9
DA:14,18
DA:15,18
DA:18,9
DA:19,9
DA:20,9
DA:21,9
DA:22,9
DA:23,9
DA:24,9
DA:27,9
DA:28,1
DA:31,9
DA:88,27
DA:98,1
LF:19
LH:19
BRF:0
BRH:0
end_of_record
TN:
SF:src/components/TripSearch.tsx
FN:9,(anonymous_1)
FN:20,(anonymous_2)
FN:30,(anonymous_3)
FN:33,(anonymous_4)
FN:156,(anonymous_5)
FNF:5
FNH:5
FNDA:17,(anonymous_1)
FNDA:9,(anonymous_2)
FNDA:2,(anonymous_3)
FNDA:10,(anonymous_4)
FNDA:2,(anonymous_5)
DA:1,1
DA:2,1
DA:4,1
DA:5,1
DA:9,1
DA:10,17
DA:18,17
DA:20,17
DA:21,9
DA:22,9
DA:30,17
DA:32,2
DA:33,10
DA:35,2
DA:38,17
DA:157,2
DA:170,1
LF:17
LH:17
BRDA:24,0,0,4
BRDA:24,0,1,5
BRDA:24,1,0,9
BRDA:24,1,1,6
BRDA:25,2,0,4
BRDA:25,2,1,0
BRDA:33,3,0,10
BRDA:33,3,1,5
BRDA:83,4,0,17
BRDA:83,4,1,13
BRDA:99,5,0,17
BRDA:99,5,1,15
BRDA:115,6,0,17
BRDA:115,6,1,16
BRDA:135,7,0,17
BRDA:135,7,1,1
BRDA:141,8,0,17
BRDA:141,8,1,1
BRDA:147,9,0,17
BRDA:147,9,1,2
BRDA:147,9,2,1
BRDA:153,10,0,17
BRDA:153,10,1,2
BRDA:153,10,2,1
BRF:24
BRH:23
end_of_record
TN:
SF:src/components/forms/RegisterForm.tsx
FN:18,(anonymous_0)
FN:57,RegistrationForm
FN:60,(anonymous_2)
FN:67,(anonymous_3)
FN:69,(anonymous_4)
FN:71,(anonymous_5)
FN:76,(anonymous_6)
FN:82,(anonymous_7)
FN:88,(anonymous_8)
FN:105,(anonymous_9)
FN:188,(anonymous_10)
FNF:11
FNH:10
FNDA:7,(anonymous_0)
FNDA:39,RegistrationForm
FNDA:0,(anonymous_2)
FNDA:17,(anonymous_3)
FNDA:17,(anonymous_4)
FNDA:1,(anonymous_5)
FNDA:11,(anonymous_6)
FNDA:6,(anonymous_7)
FNDA:6,(anonymous_8)
FNDA:1,(anonymous_9)
FNDA:2,(anonymous_10)
DA:1,1
DA:2,1
DA:4,1
DA:5,1
DA:6,1
DA:8,1
DA:10,1
DA:18,1
DA:22,7
DA:23,7
DA:25,7
DA:26,3
DA:27,3
DA:30,7
DA:31,3
DA:32,3
DA:33,4
DA:34,1
DA:35,1
DA:38,7
DA:39,2
DA:40,2
DA:41,5
DA:42,1
DA:43,1
DA:46,7
DA:47,2
DA:48,2
DA:49,5
DA:50,1
DA:51,1
DA:54,7
DA:57,1
DA:58,39
DA:59,39
DA:60,39
DA:61,39
DA:62,39
DA:63,39
DA:64,39
DA:65,39
DA:67,39
DA:68,17
DA:69,17
DA:70,17
DA:71,1
DA:73,17
DA:76,39
DA:77,11
DA:78,1
DA:82,39
DA:83,6
DA:84,6
DA:85,6
DA:88,39
DA:89,6
DA:91,6
DA:93,3
DA:94,3
DA:95,1
DA:96,1
DA:97,1
DA:100,2
DA:101,2
DA:105,39
DA:106,1
DA:107,1
DA:110,39
DA:188,2
LF:69
LH:69
BRDA:25,0,0,3
BRDA:30,1,0,3
BRDA:30,1,1,4
BRDA:33,2,0,1
BRDA:38,3,0,2
BRDA:38,3,1,5
BRDA:41,4,0,1
BRDA:46,5,0,2
BRDA:46,5,1,5
BRDA:49,6,0,1
BRDA:70,7,0,1
BRDA:73,8,0,1
BRDA:77,9,0,1
BRDA:91,10,0,3
BRDA:101,11,0,2
BRDA:101,11,1,0
BRDA:112,12,0,39
BRDA:112,12,1,2
BRDA:136,13,0,3
BRDA:136,13,1,36
BRDA:141,14,0,39
BRDA:141,14,1,3
BRDA:159,15,0,4
BRDA:159,15,1,35
BRDA:164,16,0,39
BRDA:164,16,1,4
BRDA:178,17,0,1
BRDA:178,17,1,38
BRDA:182,18,0,4
BRDA:182,18,1,35
BRDA:191,19,0,1
BRDA:191,19,1,38
BRDA:198,20,0,39
BRDA:198,20,1,4
BRDA:217,21,0,4
BRDA:217,21,1,35
BRDA:222,22,0,39
BRDA:222,22,1,4
BRDA:252,23,0,1
BRDA:252,23,1,38
BRF:40
BRH:39
end_of_record
TN:
SF:src/services/bookingApi.ts
FN:18,(anonymous_0)
FN:27,(anonymous_1)
FN:29,(anonymous_2)
FN:38,(anonymous_3)
FN:46,(anonymous_4)
FNF:5
FNH:5
FNDA:4,(anonymous_0)
FNDA:3,(anonymous_1)
FNDA:1,(anonymous_2)
FNDA:2,(anonymous_3)
FNDA:1,(anonymous_4)
DA:2,3
DA:3,3
DA:12,3
DA:19,4
DA:20,4
DA:21,4
DA:23,4
DA:27,3
DA:29,1
DA:38,2
DA:46,1
DA:57,3
LF:12
LH:12
BRDA:20,0,0,4
BRF:1
BRH:1
end_of_record
TN:
SF:src/services/tripApi.ts
FN:11,(anonymous_0)
FN:20,(anonymous_1)
FN:22,(anonymous_2)
FN:32,(anonymous_3)
FNF:4
FNH:4
FNDA:2,(anonymous_0)
FNDA:2,(anonymous_1)
FNDA:1,(anonymous_2)
FNDA:1,(anonymous_3)
DA:1,2
DA:3,2
DA:6,2
DA:12,2
DA:13,2
DA:14,2
DA:16,2
DA:20,2
DA:22,1
DA:32,1
DA:43,2
LF:11
LH:11
BRDA:13,0,0,2
BRF:1
BRH:1
end_of_record
TN:
SF:src/services/userApi.ts
FN:8,(anonymous_0)
FN:11,(anonymous_1)
FN:18,(anonymous_2)
FNF:3
FNH:3
FNDA:2,(anonymous_0)
FNDA:1,(anonymous_1)
FNDA:1,(anonymous_2)
DA:1,2
DA:3,2
DA:5,2
DA:9,2
DA:11,1
DA:18,1
DA:28,2
LF:7
LH:7
BRF:0
BRH:0
end_of_record
TN:
SF:src/store/user/userSlice.ts
FN:16,(anonymous_0)
FNF:1
FNH:1
FNDA:1,(anonymous_0)
DA:1,2
DA:8,2
DA:12,2
DA:17,1
DA:22,2
DA:23,2
LF:6
LH:6
BRF:0
BRH:0
end_of_record
TN:
SF:src/utils/authUtils.ts
FN:1,(anonymous_0)
FNF:1
FNH:1
FNDA:4,(anonymous_0)
DA:1,3
DA:2,4
DA:3,4
DA:5,3
DA:6,3
DA:7,2
DA:8,1
DA:11,1
DA:13,2
LF:9
LH:9
BRDA:3,0,0,1
BRDA:7,1,0,1
BRF:2
BRH:2
end_of_record
